{
  "RSpec": {
    "coverage": {
      "/Users/danahowell/turing/2mod/projects/M2.5_relational_rails/m2.5_relational_rails/config/environment.rb": {
        "lines": [
          null,
          1,
          null,
          null,
          1
        ]
      },
      "/Users/danahowell/turing/2mod/projects/M2.5_relational_rails/m2.5_relational_rails/config/application.rb": {
        "lines": [
          1,
          null,
          1,
          null,
          1,
          1,
          1,
          1,
          1,
          1,
          1,
          1,
          1,
          1,
          null,
          null,
          null,
          null,
          1,
          null,
          1,
          1,
          null,
          1,
          null,
          null,
          null,
          null,
          1,
          null,
          null,
          null,
          null,
          null,
          null,
          null,
          null,
          null,
          null,
          1,
          null,
          null
        ]
      },
      "/Users/danahowell/turing/2mod/projects/M2.5_relational_rails/m2.5_relational_rails/config/boot.rb": {
        "lines": [
          1,
          null,
          1,
          1
        ]
      },
      "/Users/danahowell/turing/2mod/projects/M2.5_relational_rails/m2.5_relational_rails/config/environments/test.rb": {
        "lines": [
          1,
          null,
          null,
          null,
          null,
          null,
          null,
          1,
          null,
          null,
          null,
          1,
          null,
          null,
          null,
          null,
          null,
          1,
          null,
          null,
          1,
          1,
          null,
          null,
          null,
          null,
          1,
          1,
          1,
          null,
          null,
          1,
          null,
          null,
          1,
          null,
          null,
          1,
          null,
          1,
          null,
          null,
          null,
          null,
          1,
          null,
          null,
          1,
          null,
          null,
          1,
          null,
          null,
          1,
          null,
          null,
          null,
          null,
          null,
          null,
          null,
          null,
          1,
          null
        ]
      },
      "/Users/danahowell/turing/2mod/projects/M2.5_relational_rails/m2.5_relational_rails/config/initializers/assets.rb": {
        "lines": [
          null,
          null,
          null,
          1,
          null,
          null,
          null,
          null,
          null,
          null,
          null,
          null
        ]
      },
      "/Users/danahowell/turing/2mod/projects/M2.5_relational_rails/m2.5_relational_rails/config/initializers/content_security_policy.rb": {
        "lines": [
          null,
          null,
          null,
          null,
          null,
          null,
          null,
          null,
          null,
          null,
          null,
          null,
          null,
          null,
          null,
          null,
          null,
          null,
          null,
          null,
          null,
          null,
          null,
          null,
          null
        ]
      },
      "/Users/danahowell/turing/2mod/projects/M2.5_relational_rails/m2.5_relational_rails/config/initializers/filter_parameter_logging.rb": {
        "lines": [
          null,
          null,
          null,
          null,
          null,
          1,
          null,
          null
        ]
      },
      "/Users/danahowell/turing/2mod/projects/M2.5_relational_rails/m2.5_relational_rails/config/initializers/inflections.rb": {
        "lines": [
          null,
          null,
          null,
          null,
          null,
          null,
          null,
          null,
          null,
          null,
          null,
          null,
          null,
          null,
          null,
          null
        ]
      },
      "/Users/danahowell/turing/2mod/projects/M2.5_relational_rails/m2.5_relational_rails/config/initializers/permissions_policy.rb": {
        "lines": [
          null,
          null,
          null,
          null,
          null,
          null,
          null,
          null,
          null,
          null,
          null,
          null,
          null
        ]
      },
      "/Users/danahowell/turing/2mod/projects/M2.5_relational_rails/m2.5_relational_rails/spec/factories/athletes.rb": {
        "lines": [
          1,
          1,
          1,
          1,
          1,
          1,
          null,
          null
        ]
      },
      "/Users/danahowell/turing/2mod/projects/M2.5_relational_rails/m2.5_relational_rails/spec/factories/gyms.rb": {
        "lines": [
          1,
          1,
          1,
          1,
          1,
          null,
          null
        ]
      },
      "/Users/danahowell/turing/2mod/projects/M2.5_relational_rails/m2.5_relational_rails/config/routes.rb": {
        "lines": [
          1,
          null,
          null,
          null,
          null,
          1,
          null,
          1,
          1,
          1,
          1,
          1,
          null,
          null,
          null,
          1,
          1,
          null,
          null,
          1,
          1,
          null,
          null,
          null,
          null
        ]
      },
      "/Users/danahowell/turing/2mod/projects/M2.5_relational_rails/m2.5_relational_rails/app/helpers/application_helper.rb": {
        "lines": [
          1,
          null
        ]
      },
      "/Users/danahowell/turing/2mod/projects/M2.5_relational_rails/m2.5_relational_rails/app/helpers/athletes_helper.rb": {
        "lines": [
          1,
          null
        ]
      },
      "/Users/danahowell/turing/2mod/projects/M2.5_relational_rails/m2.5_relational_rails/app/helpers/gym_athletes_helper.rb": {
        "lines": [
          1,
          null
        ]
      },
      "/Users/danahowell/turing/2mod/projects/M2.5_relational_rails/m2.5_relational_rails/app/helpers/gyms_helper.rb": {
        "lines": [
          1,
          null
        ]
      },
      "/Users/danahowell/turing/2mod/projects/M2.5_relational_rails/m2.5_relational_rails/spec/features/athletes/show_spec.rb": {
        "lines": [
          1,
          null,
          1,
          1,
          1,
          1,
          1,
          null,
          1,
          null,
          null,
          1,
          1,
          1,
          1,
          1,
          null,
          null,
          null,
          null
        ]
      },
      "/Users/danahowell/turing/2mod/projects/M2.5_relational_rails/m2.5_relational_rails/spec/features/gyms/gym_athletes.rb/index_spec.rb": {
        "lines": [
          1,
          null,
          1,
          1,
          1,
          1,
          1,
          1,
          null,
          1,
          1,
          1,
          1,
          null,
          null,
          null,
          1,
          null,
          1,
          null,
          null,
          1,
          1,
          1,
          1,
          null,
          null,
          1,
          1,
          1,
          1,
          null,
          null,
          null,
          null,
          null
        ]
      },
      "/Users/danahowell/turing/2mod/projects/M2.5_relational_rails/m2.5_relational_rails/spec/features/gyms/index_spec.rb": {
        "lines": [
          1,
          null,
          1,
          1,
          1,
          4,
          4,
          4,
          null,
          null,
          null,
          null,
          1,
          1,
          null,
          1,
          1,
          1,
          null,
          null,
          null,
          null,
          1,
          1,
          1,
          1,
          null,
          null,
          1,
          1,
          1,
          null,
          1,
          null,
          1,
          null,
          null,
          1,
          1,
          null,
          null,
          1,
          1,
          1,
          null,
          null,
          1,
          null,
          null,
          null,
          1,
          null,
          null,
          1,
          1,
          null,
          null,
          null,
          null
        ]
      },
      "/Users/danahowell/turing/2mod/projects/M2.5_relational_rails/m2.5_relational_rails/spec/features/gyms/new_spec.rb": {
        "lines": [
          null,
          null,
          null,
          null,
          null,
          null,
          null,
          null,
          null,
          null,
          null,
          null,
          null,
          null,
          null,
          null,
          null,
          null,
          null,
          null,
          null,
          null,
          null,
          null,
          null,
          null,
          null,
          null,
          null,
          null,
          null,
          null,
          null,
          null,
          null,
          null
        ]
      },
      "/Users/danahowell/turing/2mod/projects/M2.5_relational_rails/m2.5_relational_rails/spec/features/gyms/show_spec.rb": {
        "lines": [
          1,
          null,
          1,
          1,
          1,
          5,
          null,
          5,
          5,
          null,
          null,
          1,
          1,
          null,
          1,
          1,
          1,
          1,
          null,
          null,
          null,
          1,
          null,
          1,
          null,
          null,
          1,
          null,
          null,
          null,
          1,
          1,
          null,
          1,
          1,
          1,
          null,
          null,
          1,
          1,
          null,
          1,
          1,
          null,
          1,
          null,
          null,
          1,
          1,
          1,
          null,
          1,
          1,
          1,
          null,
          1,
          null,
          null,
          null,
          1,
          1,
          null,
          null,
          null
        ]
      },
      "/Users/danahowell/turing/2mod/projects/M2.5_relational_rails/m2.5_relational_rails/app/models/gym.rb": {
        "lines": [
          1,
          1,
          null,
          1,
          4,
          0,
          null,
          4,
          null,
          null,
          null,
          1,
          5,
          null,
          null
        ]
      },
      "/Users/danahowell/turing/2mod/projects/M2.5_relational_rails/m2.5_relational_rails/app/models/application_record.rb": {
        "lines": [
          1,
          1,
          null
        ]
      },
      "/Users/danahowell/turing/2mod/projects/M2.5_relational_rails/m2.5_relational_rails/app/models/athlete.rb": {
        "lines": [
          1,
          1,
          null,
          1,
          9,
          4,
          null,
          5,
          null,
          null,
          null
        ]
      },
      "/Users/danahowell/turing/2mod/projects/M2.5_relational_rails/m2.5_relational_rails/app/controllers/athletes_controller.rb": {
        "lines": [
          1,
          1,
          1,
          null,
          null,
          1,
          1,
          null,
          null
        ]
      },
      "/Users/danahowell/turing/2mod/projects/M2.5_relational_rails/m2.5_relational_rails/app/controllers/application_controller.rb": {
        "lines": [
          1,
          null
        ]
      },
      "/Users/danahowell/turing/2mod/projects/M2.5_relational_rails/m2.5_relational_rails/app/controllers/gym_athletes_controller.rb": {
        "lines": [
          1,
          1,
          2,
          2,
          null,
          null
        ]
      },
      "/Users/danahowell/turing/2mod/projects/M2.5_relational_rails/m2.5_relational_rails/app/controllers/gyms_controller.rb": {
        "lines": [
          1,
          1,
          4,
          null,
          null,
          1,
          4,
          null,
          null,
          1,
          null,
          null,
          1,
          1,
          1,
          null,
          null,
          1,
          2,
          null,
          null,
          1,
          1,
          null,
          null
        ]
      }
    },
    "timestamp": 1711310919
  }
}
